A11---------------------------------------------------------------------------------------------------------------------------------------------------------------
1st:(1,1)(9,1)(1,9)(9,9)
2nd:(5,2)(2,5)(8,5)(5,8)
shokunin(4)-------------   ike(24)-----------------   shiro(9)----------------
   0 0 0 0 0 0 0 0 0 0 1      0 0 0 0 0 0 0 0 0 0 1      0 0 0 0 0 0 0 0 0 0 1
   0 1 2 3 4 5 6 7 8 9 0      0 1 2 3 4 5 6 7 8 9 0      0 1 2 3 4 5 6 7 8 9 0
00 - - - - - - - - - - -   00 - - - - - p - - - - -   00 - - - - - - - - - - -
01 - o - - - - - - - o -   01 - - - - p - p - - - -   01 - - - - - - - - - - -
02 - - - - - x - - - - -   02 - - - - p - p - - - -   02 - - c - - - - - c - -
03 - - - - - - - - - - -   03 - - - p - - - p - - -   03 - - - - - - - - - - -
04 - - - - - - - - - - -   04 - p p - - - - - p p -   04 - - - - c - c - - - -
05 - - x - - - - - x - -   05 p - - - - - - - - - p   05 - - - - - c - - - - -
06 - - - - - - - - - - -   06 - p p - - - - - p p -   06 - - - - c - c - - - -
07 - - - - - - - - - - -   07 - - - p - - - p - - -   07 - - - - - - - - - - -
08 - - - - - x - - - - -   08 - - - - p - p - - - -   08 - - c - - - - - c - -
09 - o - - - - - - - o -   09 - - - - p - p - - - -   09 - - - - - - - - - - -
10 - - - - - - - - - - -   10 - - - - - p - - - - -   10 - - - - - - - - - - -
A13---------------------------------------------------------------------------------------------------------------------------------------------------------------
1st:(2,2)(10,2)(2,10)(10,10)
2nd:(6,3)(3,6)(9,6)(6,9)
shokunin(4)-----------------   ike(36)---------------------   shiro(9)--------------------
   0 0 0 0 0 0 0 0 0 0 1 1 1      0 0 0 0 0 0 0 0 0 0 1 1 1      0 0 0 0 0 0 0 0 0 0 1 1 1
   0 1 2 3 4 5 6 7 8 9 0 1 2      0 1 2 3 4 5 6 7 8 9 0 1 2      0 1 2 3 4 5 6 7 8 9 0 1 2
00 - - - - - - - - - - - - -   00 - - - - - - p - - - - - -   00 - - - - - - - - - - - - -
01 - - - - - - - - - - - - -   01 - p - - - p - p - - - p -   01 - - - - - - - - - - - - -
02 - - o - - - - - - - o - -   02 - - - - - p - p - - - - -   02 - - - - - - - - - - - - -
03 - - - - - - x - - - - - -   03 - - - - - p - p - - - - -   03 - - - c - - - - - c - - -
04 - - - - - - - - - - - - -   04 - - - - p - - - p - - - -   04 - - - - - - - - - - - - -
05 - - - - - - - - - - - - -   05 - p p p - - - - - p p p -   05 - - - - - c - c - - - - -
06 - - - x - - - - - x - - -   06 p - - - - - - - - - - - p   06 - - - - - - c - - - - - -
07 - - - - - - - - - - - - -   07 - p p p - - - - - p p p -   07 - - - - - c - c - - - - -
08 - - - - - - - - - - - - -   08 - - - - p - - - p - - - -   08 - - - - - - - - - - - - -
09 - - - - - - x - - - - - -   09 - - - - - p - p - - - - -   09 - - - c - - - - - c - - -
10 - - o - - - - - - - o - -   10 - - - - - p - p - - - - -   10 - - - - - - - - - - - - -
11 - - - - - - - - - - - - -   11 - p - - - p - p - - - p -   11 - - - - - - - - - - - - -
12 - - - - - - - - - - - - -   12 - - - - - - p - - - - - -   12 - - - - - - - - - - - - -
A15---------------------------------------------------------------------------------------------------------------------------------------------------------------
1st:(1,1)(13,1)(1,13)(13,13)
2nd:(7,5)(5,7)(9,7)(7,9)
shokunin(4)---------------------   ike(44)-------------------------   shiro(17)-----------------------
   0 0 0 0 0 0 0 0 0 0 1 1 1 1 1      0 0 0 0 0 0 0 0 0 0 1 1 1 1 1      0 0 0 0 0 0 0 0 0 0 1 1 1 1 1
   0 1 2 3 4 5 6 7 8 9 0 1 2 3 4      0 1 2 3 4 5 6 7 8 9 0 1 2 3 4      0 1 2 3 4 5 6 7 8 9 0 1 2 3 4
00 - - - - - - - - - - - - - - -   00 - - - - - - p - p - - - - - -   00 - - - - - - - - - - - - - - -
01 - o - - - - - - - - - - - o -   01 - - - - - p - - - p - - - - -   01 - - - - - - - c - - - - - - -
02 - - - - - - - - - - - - - - -   02 - - p - - p - - - p - - p - -   02 - - - c - - - - - - - c - - -
03 - - - - - - - - - - - - - - -   03 - - - - - p - p - p - - - - -   03 - - c - - - - - - - - - c - -
04 - - - - - - - - - - - - - - -   04 - - - - p - - - - - p - - - -   04 - - - - - - - - - - - - - - -
05 - - - - - - - x - - - - - - -   05 - p p p - - - - - - - p p p -   05 - - - - - - - - - - - - - - -
06 - - - - - - - - - - - - - - -   06 p - - - - - - - - - - - - - p   06 - - - - - - c - c - - - - - -
07 - - - - - x - - - x - - - - -   07 - - - p - - - - - - - p - - -   07 - c - - - - - c - - - - - c -
08 - - - - - - - - - - - - - - -   08 p - - - - - - - - - - - - - p   08 - - - - - - c - c - - - - - -
09 - - - - - - - x - - - - - - -   09 - p p p - - - - - - - p p p -   09 - - - - - - - - - - - - - - -
10 - - - - - - - - - - - - - - -   10 - - - - p - - - - - p - - - -   10 - - - - - - - - - - - - - - -
11 - - - - - - - - - - - - - - -   11 - - - - - p - p - p - - - - -   11 - - c - - - - - - - - - c - -
12 - - - - - - - - - - - - - - -   12 - - p - - p - - - p - - p - -   12 - - - c - - - - - - - c - - -
13 - o - - - - - - - - - - - o -   13 - - - - - p - - - p - - - - -   13 - - - - - - - c - - - - - - -
14 - - - - - - - - - - - - - - -   14 - - - - - - p - p - - - - - -   14 - - - - - - - - - - - - - - -
A17---------------------------------------------------------------------------------------------------------------------------------------------------------------
1st:(1,1)(15,1)(1,15)(15,15)
2nd:(8,5)(5,8)(11,8)(8,11)
shokunin(4)-------------------------   ike(52)-----------------------------   shiro(25)---------------------------
   0 0 0 0 0 0 0 0 0 0 1 1 1 1 1 1 1      0 0 0 0 0 0 0 0 0 0 1 1 1 1 1 1 1      0 0 0 0 0 0 0 0 0 0 1 1 1 1 1 1 1
   0 1 2 3 4 5 6 7 8 9 0 1 2 3 4 5 6      0 1 2 3 4 5 6 7 8 9 0 1 2 3 4 5 6      0 1 2 3 4 5 6 7 8 9 0 1 2 3 4 5 6
00 - - - - - - - - - - - - - - - - -   00 - - - - - - p - - - p - - - - - -   00 - - - - - - - - - - - - - - - - -
01 - o - - - - - - - - - - - - - o -   01 - - - - - p - - - - - p - - - - -   01 - - - - - - - c - c - - - - - - -
02 - - - - - - - - - - - - - - - - -   02 - - p - - p - - - - - p - - p - -   02 - - - c - - - - - - - - - c - - -
03 - - - - - - - - - - - - - - - - -   03 - - - - - p - p p p - p - - - - -   03 - - c - - - - - - - - - - - c - -
04 - - - - - - - - - - - - - - - - -   04 - - - - p - - - - - - - p - - - -   04 - - - - - - - - - - - - - - - - -
05 - - - - - - - - x - - - - - - - -   05 - p p p - - - - - - - - - p p p -   05 - - - - - - - - - - - - - - - - -
06 - - - - - - - - - - - - - - - - -   06 p - - - - - - - - - - - - - - - p   06 - - - - - - c - - - c - - - - - -
07 - - - - - - - - - - - - - - - - -   07 - - - p - - - - - - - - - p - - -   07 - c - - - - - c - c - - - - - c -
08 - - - - - x - - - - - x - - - - -   08 - - - p - - - - - - - - - p - - -   08 - - - - - - - - c - - - - - - - -
09 - - - - - - - - - - - - - - - - -   09 - - - p - - - - - - - - - p - - -   09 - c - - - - - c - c - - - - - c -
10 - - - - - - - - - - - - - - - - -   10 p - - - - - - - - - - - - - - - p   10 - - - - - - c - - - c - - - - - -
11 - - - - - - - - x - - - - - - - -   11 - p p p - - - - - - - - - p p p -   11 - - - - - - - - - - - - - - - - -
12 - - - - - - - - - - - - - - - - -   12 - - - - p - - - - - - - p - - - -   12 - - - - - - - - - - - - - - - - -
13 - - - - - - - - - - - - - - - - -   13 - - - - - p - p p p - p - - - - -   13 - - c - - - - - - - - - - - c - -
14 - - - - - - - - - - - - - - - - -   14 - - p - - p - - - - - p - - p - -   14 - - - c - - - - - - - - - c - - -
15 - o - - - - - - - - - - - - - o -   15 - - - - - p - - - - - p - - - - -   15 - - - - - - - c - c - - - - - - -
16 - - - - - - - - - - - - - - - - -   16 - - - - - - p - - - p - - - - - -   16 - - - - - - - - - - - - - - - - -
A21---------------------------------------------------------------------------------------------------------------------------------------------------------------
1st:(1,1)(19,1)(2,10)(18,10)(1,19)(19,19)
2nd:(10,6)(10,8)(7,10)(13,10)(10,12)(10,14)
shokunin(6)---------------------------------   ike(82)-------------------------------------   shiro(39)-----------------------------------
   0 0 0 0 0 0 0 0 0 0 1 1 1 1 1 1 1 1 1 1 2      0 0 0 0 0 0 0 0 0 0 1 1 1 1 1 1 1 1 1 1 2      0 0 0 0 0 0 0 0 0 0 1 1 1 1 1 1 1 1 1 1 2
   0 1 2 3 4 5 6 7 8 9 0 1 2 3 4 5 6 7 8 9 0      0 1 2 3 4 5 6 7 8 9 0 1 2 3 4 5 6 7 8 9 0      0 1 2 3 4 5 6 7 8 9 0 1 2 3 4 5 6 7 8 9 0
00 - - - - - - - - - - - - - - - - - - - - -   00 - - - - - - - - - - p - - - - - - - - - -   00 - - - - - - - - - - - - - - - - - - - - -
01 - o - - - - - - - - - - - - - - - - - o -   01 - - - - - - - p p p - p p p - - - - - - -   01 - - - - - - - - - - - - - - - - - - - - -
02 - - - - - - - - - - o - - - - - - - - - -   02 - - - - - - - p - - - - - p - - - - - - -   02 - - - c - - - - - - - - - - - - - c - - -
03 - - - - - - - - - - - - - - - - - - - - -   03 - - - - - - p - - - - - - - p - - - - - -   03 - - c c - - - - - - - - - - - - - c c - -
04 - - - - - - - - - - - - - - - - - - - - -   04 - - - - p - p - - - p - - - p - p - - - -   04 - - - - - - - - c - - - c - - - - - - - -
05 - - - - - - - - - - - - - - - - - - - - -   05 - - - - - - p - - - - - - - p - - - - - -   05 - - - - - - - - - - c - - - - - - - - - -
06 - - - - - - - - - - - - - - - - - - - - -   06 - - - p p p - - p - - - p - - p p p - - -   06 - - - - - - - - - - - - - - - - - - - - -
07 - - - - - - - - - - x - - - - - - - - - -   07 - p p - - - - - - - - - - - - - - - p p -   07 - - - - - - - c - - - - - c - - - - - - -
08 - - - - - - - - - - - - - - - - - - - - -   08 - p - - - - p - - - p - - - p - - - - p -   08 - - - - - - - - c - - - c - - - - - - - -
09 - - - - - - - - - - - - - - - - - - - - -   09 - p - - - - - p - - - - - p - - - - - p -   09 - - - - c - - - - c - c - - - - c - - - -
10 - - - - - - x - x - - - x - x - - - - - -   10 p - - - - - - p - - - - - p - - - - - - p   10 - - - c c - - - - - c - - - - - c c - - -
11 - - - - - - - - - - - - - - - - - - - - -   11 - p - - - - - p - - - - - p - - - - - p -   11 - - - - c - - - - c - c - - - - c - - - -
12 - - - - - - - - - - - - - - - - - - - - -   12 - p - - - - p - - - p - - - p - - - - p -   12 - - - - - - - - c - - - c - - - - - - - -
13 - - - - - - - - - - x - - - - - - - - - -   13 - p p - - - - - - - - - - - - - - - p p -   13 - - - - - - - c - - - - - c - - - - - - -
14 - - - - - - - - - - - - - - - - - - - - -   14 - - - p p p - - p - - - p - - p p p - - -   14 - - - - - - - - - - - - - - - - - - - - -
15 - - - - - - - - - - - - - - - - - - - - -   15 - - - - - - p - - - - - - - p - - - - - -   15 - - - - - - - - - - c - - - - - - - - - -
16 - - - - - - - - - - - - - - - - - - - - -   16 - - - - p - p - - - p - - - p - p - - - -   16 - - - - - - - - c - - - c - - - - - - - -
17 - - - - - - - - - - - - - - - - - - - - -   17 - - - - - - p - - - - - - - p - - - - - -   17 - - c c - - - - - - - - - - - - - c c - -
18 - - - - - - - - - - o - - - - - - - - - -   18 - - - - - - - p - - - - - p - - - - - - -   18 - - - c - - - - - - - - - - - - - c - - -
19 - o - - - - - - - - - - - - - - - - - o -   19 - - - - - - - p p p - p p p - - - - - - -   19 - - - - - - - - - - - - - - - - - - - - -
20 - - - - - - - - - - - - - - - - - - - - -   20 - - - - - - - - - - p - - - - - - - - - -   20 - - - - - - - - - - - - - - - - - - - - -
A25---------------------------------------------------------------------------------------------------------------------------------------------------------------
1st:(2,2)(22,2)(4,12)(20,12)(2,22)(22,22)
2nd:(12,8)(12,10)(9,12)(15,12)(12,14)(12,16)
shokunin(6)-----------------------------------------   ike(90)---------------------------------------------   shiro(73)-------------------------------------------
   0 0 0 0 0 0 0 0 0 0 1 1 1 1 1 1 1 1 1 1 2 2 2 2 2      0 0 0 0 0 0 0 0 0 0 1 1 1 1 1 1 1 1 1 1 2 2 2 2 2      0 0 0 0 0 0 0 0 0 0 1 1 1 1 1 1 1 1 1 1 2 2 2 2 2
   0 1 2 3 4 5 6 7 8 9 0 1 2 3 4 5 6 7 8 9 0 1 2 3 4      0 1 2 3 4 5 6 7 8 9 0 1 2 3 4 5 6 7 8 9 0 1 2 3 4      0 1 2 3 4 5 6 7 8 9 0 1 2 3 4 5 6 7 8 9 0 1 2 3 4
00 - - - - - - - - - - - - - - - - - - - - - - - - -   00 - - - - - - - - - - - - - - - - - - - - - - - - -   00 c - - - - - - - - - - - - - - - - - - - - - - - c
01 - - - - - - - - - - - - - - - - - - - - - - - - -   01 - - - - - - - - - - - - - - - - - - - - - - - - -   01 - - - - - - - - - - - - c - - - - - - - - - - - -
02 - - o - - - - - - - - - - - - - - - - - - - o - -   02 - - - - - - - - p p - - - - - p p - - - - - - - -   02 - - - - - c - - - - - c - c - - - - - c - - - - -
03 - - - - - - - - - - - - - - - - - - - - - - - - -   03 - - - - - - - - p - p p - p p - p - - - - - - - -   03 - - - - c - - - - - - - - - - - - - - - c - - - -
04 - - - - - - - - - - - - o - - - - - - - - - - - -   04 - - - - - - - p - - - - - - - - - p - - - - - - -   04 - - - c c - - - - - - - - - - - - - - - c c - - -
05 - - - - - - - - - - - - - - - - - - - - - - - - -   05 - - - - - p - p - - - - - - - - - p - p - - - - -   05 - - c - - - - - - c - - - - - c - - - - - - c - -
06 - - - - - - - - - - - - - - - - - - - - - - - - -   06 - - - - - - - p - - - - p - - - - p - - - - - - -   06 - - - - - - - - - - - - - - - - - - - - - - - - -
07 - - - - - - - - - - - - - - - - - - - - - - - - -   07 - - - - p p p - - p - - - - - p - - p p p - - - -   07 - - - - - - - - - - - c - c - - - - - - - - - - -
08 - - - - - - - - - - - - - - - - - - - - - - - - -   08 - - p p - - - - - - p - - - p - - - - - - p p - -   08 - - - - - - - - - - - - c - - - - - - - - - - - -
09 - - - - - - - - - - - - x - - - - - - - - - - - -   09 - - p - - - - - - - - - - - - - - - - - - - p - -   09 - - - - - c - - - c - - - - - c - - - c - - - - -
10 - - - - - - - - - - - - - - - - - - - - - - - - -   10 - - - p - - - - p - - - p - - - p - - - - p - - -   10 - - - - - - - - - - c - - - c - - - - - - - - - -
11 - - - - - - - - - - - - - - - - - - - - - - - - -   11 - - - p - - - - - p - - - - - p - - - - - p - - -   11 - c - - - - c - - - - c - c - - - - c - - - - c -
12 - - - - - - - - x - x - - - x - x - - - - - - - -   12 - - - - - - - - - p - - - - - p - - - - - - - - -   12 - c c - - c c - - - - - c - - - - - c c - - c c -
13 - - - - - - - - - - - - - - - - - - - - - - - - -   13 - - - p - - - - - p - - - - - p - - - - - p - - -   13 - c - - - - c - - - - c - c - - - - c - - - - c -
14 - - - - - - - - - - - - - - - - - - - - - - - - -   14 - - - p - - - - p - - - p - - - p - - - - p - - -   14 - - - - - - - - - - c - - - c - - - - - - - - - -
15 - - - - - - - - - - - - x - - - - - - - - - - - -   15 - - p - - - - - - - - - - - - - - - - - - - p - -   15 - - - - - c - - - c - - - - - c - - - c - - - - -
16 - - - - - - - - - - - - - - - - - - - - - - - - -   16 - - p p - - - - - - p - - - p - - - - - - p p - -   16 - - - - - - - - - - - - c - - - - - - - - - - - -
17 - - - - - - - - - - - - - - - - - - - - - - - - -   17 - - - - p p p - - p - - - - - p - - p p p - - - -   17 - - - - - - - - - - - c - c - - - - - - - - - - -
18 - - - - - - - - - - - - - - - - - - - - - - - - -   18 - - - - - - - p - - - - p - - - - p - - - - - - -   18 - - - - - - - - - - - - - - - - - - - - - - - - -
19 - - - - - - - - - - - - - - - - - - - - - - - - -   19 - - - - - p - p - - - - - - - - - p - p - - - - -   19 - - c - - - - - - c - - - - - c - - - - - - c - -
20 - - - - - - - - - - - - o - - - - - - - - - - - -   20 - - - - - - - p - - - - - - - - - p - - - - - - -   20 - - - c c - - - - - - - - - - - - - - - c c - - -
21 - - - - - - - - - - - - - - - - - - - - - - - - -   21 - - - - - - - - p - p p - p p - p - - - - - - - -   21 - - - - c - - - - - - - - - - - - - - - c - - - -
22 - - o - - - - - - - - - - - - - - - - - - - o - -   22 - - - - - - - - p p - - - - - p p - - - - - - - -   22 - - - - - c - - - - - c - c - - - - - c - - - - -
23 - - - - - - - - - - - - - - - - - - - - - - - - -   23 - - - - - - - - - - - - - - - - - - - - - - - - -   23 - - - - - - - - - - - - c - - - - - - - - - - - -
24 - - - - - - - - - - - - - - - - - - - - - - - - -   24 - - - - - - - - - - - - - - - - - - - - - - - - -   24 c - - - - - - - - - - - - - - - - - - - - - - - c
B11---------------------------------------------------------------------------------------------------------------------------------------------------------------
1st:(5,1)(5,9)
2nd:(1,5)(9,5)
shokunin(2)-------------   ike(21)-----------------   shiro(8)----------------
   0 0 0 0 0 0 0 0 0 0 1      0 0 0 0 0 0 0 0 0 0 1      0 0 0 0 0 0 0 0 0 0 1
   0 1 2 3 4 5 6 7 8 9 0      0 1 2 3 4 5 6 7 8 9 0      0 1 2 3 4 5 6 7 8 9 0
00 - - - - - - - - - - -   00 - - - - - - - - - - -   00 - - - - - - - - - - -
01 - - - - - x - - - - -   01 - p - - p - p - - p -   01 - - - - - - - - - - -
02 - - - - - - - - - - -   02 - - - - - p - - - - -   02 - - c - - - - - c - -
03 - - - - - - - - - - -   03 - - - p - - - p - - -   03 - - - - - - - - - - -
04 - - - - - - - - - - -   04 - p - - - - - - - p -   04 - - - - c - c - - - -
05 - o - - - - - - - o -   05 - - p - - p - - p - -   05 - - - - - - - - - - -
06 - - - - - - - - - - -   06 - p - - - - - - - p -   06 - - - - c - c - - - -
07 - - - - - - - - - - -   07 - - - p - - - p - - -   07 - - - - - - - - - - -
08 - - - - - - - - - - -   08 - - - - - p - - - - -   08 - - c - - - - - c - -
09 - - - - - x - - - - -   09 - p - - p - p - - p -   09 - - - - - - - - - - -
10 - - - - - - - - - - -   10 - - - - - - - - - - -   10 - - - - - - - - - - -
B13---------------------------------------------------------------------------------------------------------------------------------------------------------------
1st:(6,1)(4,6)(8,6)(6,11)
2nd:(6,4)(1,6)(11,6)(6,8)
shokunin(4)-----------------   ike(33)---------------------   shiro(12)-------------------
   0 0 0 0 0 0 0 0 0 0 1 1 1      0 0 0 0 0 0 0 0 0 0 1 1 1      0 0 0 0 0 0 0 0 0 0 1 1 1
   0 1 2 3 4 5 6 7 8 9 0 1 2      0 1 2 3 4 5 6 7 8 9 0 1 2      0 1 2 3 4 5 6 7 8 9 0 1 2
00 - - - - - - - - - - - - -   00 - - - - - - - - - - - - -   00 - - - - - - - - - - - - -
01 - - - - - - x - - - - - -   01 - - p - - p - p - - p - -   01 - c - - - - - - - - - c -
02 - - - - - - - - - - - - -   02 - p p - - - p - - - p p -   02 - - - - - - - - - - - - -
03 - - - - - - - - - - - - -   03 - - - - - - p - - - - - -   03 - - - c - - - - - c - - -
04 - - - - - - o - - - - - -   04 - - - - p - - - p - - - -   04 - - - - - - - - - - - - -
05 - - - - - - - - - - - - -   05 - p - - - - - - - - - p -   05 - - - - - c - c - - - - -
06 - o - - x - - - x - - o -   06 - - p p - - p - - p p - -   06 - - - - - - - - - - - - -
07 - - - - - - - - - - - - -   07 - p - - - - - - - - - p -   07 - - - - - c - c - - - - -
08 - - - - - - o - - - - - -   08 - - - - p - - - p - - - -   08 - - - - - - - - - - - - -
09 - - - - - - - - - - - - -   09 - - - - - - p - - - - - -   09 - - - c - - - - - c - - -
10 - - - - - - - - - - - - -   10 - p p - - - p - - - p p -   10 - - - - - - - - - - - - -
11 - - - - - - x - - - - - -   11 - - p - - p - p - - p - -   11 - c - - - - - - - - - c -
12 - - - - - - - - - - - - -   12 - - - - - - - - - - - - -   12 - - - - - - - - - - - - -
B15---------------------------------------------------------------------------------------------------------------------------------------------------------------
1st:(7,1)(5,7)(9,7)(7,13)
2nd:(7,5)(1,7)(13,7)(7,9)
shokunin(4)---------------------   ike(45)-------------------------   shiro(20)-----------------------
   0 0 0 0 0 0 0 0 0 0 1 1 1 1 1      0 0 0 0 0 0 0 0 0 0 1 1 1 1 1      0 0 0 0 0 0 0 0 0 0 1 1 1 1 1
   0 1 2 3 4 5 6 7 8 9 0 1 2 3 4      0 1 2 3 4 5 6 7 8 9 0 1 2 3 4      0 1 2 3 4 5 6 7 8 9 0 1 2 3 4
00 - - - - - - - - - - - - - - -   00 - - - - - - - - - - - - - - -   00 - - - - - - - - - - - - - - -
01 - - - - - - - x - - - - - - -   01 - - p - - - p - p - - - p - -   01 - c - - - - - - - - - - - c -
02 - - - - - - - - - - - - - - -   02 - p p - - - - p - - - - p p -   02 - - - - - c - - - c - - - - -
03 - - - - - - - - - - - - - - -   03 - - - p p - - - - - p p - - -   03 - - - - - - - - - - - - - - -
04 - - - - - - - - - - - - - - -   04 - - - p - - - p - - - p - - -   04 - - - - c - - - - - c - - - -
05 - - - - - - - o - - - - - - -   05 - - - - - p - - - p - - - - -   05 - - c - - - - - - - - - c - -
06 - - - - - - - - - - - - - - -   06 - p - - - - - - - - - - - p -   06 - - - - - - c - c - - - - - -
07 - o - - - x - - - x - - - o -   07 - - p - p - - p - - p - p - -   07 - - - - - - - - - - - - - - -
08 - - - - - - - - - - - - - - -   08 - p - - - - - - - - - - - p -   08 - - - - - - c - c - - - - - -
09 - - - - - - - o - - - - - - -   09 - - - - - p - - - p - - - - -   09 - - c - - - - - - - - - c - -
10 - - - - - - - - - - - - - - -   10 - - - p - - - p - - - p - - -   10 - - - - c - - - - - c - - - -
11 - - - - - - - - - - - - - - -   11 - - - p p - - - - - p p - - -   11 - - - - - - - - - - - - - - -
12 - - - - - - - - - - - - - - -   12 - p p - - - - p - - - - p p -   12 - - - - - c - - - c - - - - -
13 - - - - - - - x - - - - - - -   13 - - p - - - p - p - - - p - -   13 - c - - - - - - - - - - - c -
14 - - - - - - - - - - - - - - -   14 - - - - - - - - - - - - - - -   14 - - - - - - - - - - - - - - -
B17---------------------------------------------------------------------------------------------------------------------------------------------------------------
1st:(8,1)(6,8)(10,8)(8,15)
2nd:(8,6)(1,8)(15,8)(8,10)
shokunin(4)-------------------------   ike(53)-----------------------------   shiro(24)---------------------------
   0 0 0 0 0 0 0 0 0 0 1 1 1 1 1 1 1      0 0 0 0 0 0 0 0 0 0 1 1 1 1 1 1 1      0 0 0 0 0 0 0 0 0 0 1 1 1 1 1 1 1
   0 1 2 3 4 5 6 7 8 9 0 1 2 3 4 5 6      0 1 2 3 4 5 6 7 8 9 0 1 2 3 4 5 6      0 1 2 3 4 5 6 7 8 9 0 1 2 3 4 5 6
00 - - - - - - - - - - - - - - - - -   00 - - - - - - - - - - - - - - - - -   00 - - - - - - - - - - - - - - - - -
01 - - - - - - - - x - - - - - - - -   01 - - p - - - - p - p - - - - p - -   01 - - - - - - - - - - - - - - - - -
02 - - - - - - - - - - - - - - - - -   02 - p p - - - - - p - - - - - p p -   02 - - - - - - - - - - - - - - - - -
03 - - - - - - - - - - - - - - - - -   03 - - - - p - - - - - - - p - - - -   03 - - - c - - c - - - c - - c - - -
04 - - - - - - - - - - - - - - - - -   04 - - - p p p - - - - - p p p - - -   04 - - - - - - - - c - - - - - - - -
05 - - - - - - - - - - - - - - - - -   05 - - - - p - - - p - - - p - - - -   05 - - - - - c - - - - - c - - - - -
06 - - - - - - - - o - - - - - - - -   06 - - - - - - p - - - p - - - - - -   06 - - - c - - - - - - - - - c - - -
07 - - - - - - - - - - - - - - - - -   07 - p - - - - - - - - - - - - - p -   07 - - - - - - - c - c - - - - - - -
08 - o - - - - x - - - x - - - - o -   08 - - p - - p - - p - - p - - p - -   08 - - - - c - - - - - - - c - - - -
09 - - - - - - - - - - - - - - - - -   09 - p - - - - - - - - - - - - - p -   09 - - - - - - - c - c - - - - - - -
10 - - - - - - - - o - - - - - - - -   10 - - - - - - p - - - p - - - - - -   10 - - - c - - - - - - - - - c - - -
11 - - - - - - - - - - - - - - - - -   11 - - - - p - - - p - - - p - - - -   11 - - - - - c - - - - - c - - - - -
12 - - - - - - - - - - - - - - - - -   12 - - - p p p - - - - - p p p - - -   12 - - - - - - - - c - - - - - - - -
13 - - - - - - - - - - - - - - - - -   13 - - - - p - - - - - - - p - - - -   13 - - - c - - c - - - c - - c - - -
14 - - - - - - - - - - - - - - - - -   14 - p p - - - - - p - - - - - p p -   14 - - - - - - - - - - - - - - - - -
15 - - - - - - - - x - - - - - - - -   15 - - p - - - - p - p - - - - p - -   15 - - - - - - - - - - - - - - - - -
16 - - - - - - - - - - - - - - - - -   16 - - - - - - - - - - - - - - - - -   16 - - - - - - - - - - - - - - - - -
B21---------------------------------------------------------------------------------------------------------------------------------------------------------------
1st:(6,3)(14,3)(7,10)(13,10)(6,17)(14,17)
2nd:(3,6)(17,6)(10,7)(10,13)(3,14)(17,14)
shokunin(6)---------------------------------   ike(65)-------------------------------------   shiro(28)-----------------------------------
   0 0 0 0 0 0 0 0 0 0 1 1 1 1 1 1 1 1 1 1 2      0 0 0 0 0 0 0 0 0 0 1 1 1 1 1 1 1 1 1 1 2      0 0 0 0 0 0 0 0 0 0 1 1 1 1 1 1 1 1 1 1 2
   0 1 2 3 4 5 6 7 8 9 0 1 2 3 4 5 6 7 8 9 0      0 1 2 3 4 5 6 7 8 9 0 1 2 3 4 5 6 7 8 9 0      0 1 2 3 4 5 6 7 8 9 0 1 2 3 4 5 6 7 8 9 0
00 - - - - - - - - - - - - - - - - - - - - -   00 - - - - - - - - - - - - - - - - - - - - -   00 - - - - - - - - - - - - - - - - - - - - -
01 - - - - - - - - - - - - - - - - - - - - -   01 - - - - - - - - - p - p - - - - - - - - -   01 - c - - - - c - - - c - - - c - - - - c -
02 - - - - - - - - - - - - - - - - - - - - -   02 - - - p - - - - - - p - - - - - - p - - -   02 - - - - - - - - - - - - - - - - - - - - -
03 - - - - - - x - - - - - - - x - - - - - -   03 - - p - p - - - - - p - - - - - p - p - -   03 - - - c - - - - - - - - - - - - - c - - -
04 - - - - - - - - - - - - - - - - - - - - -   04 - - - p - - - - - - - - - - - - - p - - -   04 - - - - - - - - - - - - - - - - - - - - -
05 - - - - - - - - - - - - - - - - - - - - -   05 - - - - - - - p p - - - p p - - - - - - -   05 - - - - - - - - - - - - - - - - - - - - -
06 - - - o - - - - - - - - - - - - - o - - -   06 - - - - - - - p - - p - - p - - - - - - -   06 - c - - - - c - - - - - - - c - - - - c -
07 - - - - - - - - - - o - - - - - - - - - -   07 - - - - - p p - - - - - - - p p - - - - -   07 - - - - - - - - - - - - - - - - - - - - -
08 - - - - - - - - - - - - - - - - - - - - -   08 - - - - - p - - p - - - p - - p - - - - -   08 - - - - - - - - - - - - - - - - - - - - -
09 - - - - - - - - - - - - - - - - - - - - -   09 - p - - - - - - - - - - - - - - - - - p -   09 - - - - - - - - - c - c - - - - - - - - -
10 - - - - - - - x - - - - - x - - - - - - -   10 - - p p - - p - - - p - - - p - - p p - -   10 - c - - - - - - - - - - - - - - - - - c -
11 - - - - - - - - - - - - - - - - - - - - -   11 - p - - - - - - - - - - - - - - - - - p -   11 - - - - - - - - - c - c - - - - - - - - -
12 - - - - - - - - - - - - - - - - - - - - -   12 - - - - - p - - p - - - p - - p - - - - -   12 - - - - - - - - - - - - - - - - - - - - -
13 - - - - - - - - - - o - - - - - - - - - -   13 - - - - - p p - - - - - - - p p - - - - -   13 - - - - - - - - - - - - - - - - - - - - -
14 - - - o - - - - - - - - - - - - - o - - -   14 - - - - - - - p - - p - - p - - - - - - -   14 - c - - - - c - - - - - - - c - - - - c -
15 - - - - - - - - - - - - - - - - - - - - -   15 - - - - - - - p p - - - p p - - - - - - -   15 - - - - - - - - - - - - - - - - - - - - -
16 - - - - - - - - - - - - - - - - - - - - -   16 - - - p - - - - - - - - - - - - - p - - -   16 - - - - - - - - - - - - - - - - - - - - -
17 - - - - - - x - - - - - - - x - - - - - -   17 - - p - p - - - - - p - - - - - p - p - -   17 - - - c - - - - - - - - - - - - - c - - -
18 - - - - - - - - - - - - - - - - - - - - -   18 - - - p - - - - - - p - - - - - - p - - -   18 - - - - - - - - - - - - - - - - - - - - -
19 - - - - - - - - - - - - - - - - - - - - -   19 - - - - - - - - - p - p - - - - - - - - -   19 - c - - - - c - - - c - - - c - - - - c -
20 - - - - - - - - - - - - - - - - - - - - -   20 - - - - - - - - - - - - - - - - - - - - -   20 - - - - - - - - - - - - - - - - - - - - -
B25---------------------------------------------------------------------------------------------------------------------------------------------------------------
1st:(8,5)(16,5)(9,12)(15,12)(8,19)(16,19)
2nd:(5,8)(19,8)(12,9)(12,15)(5,16)(19,16)
shokunin(6)-----------------------------------------   ike(137)--------------------------------------------   shiro(40)-------------------------------------------
   0 0 0 0 0 0 0 0 0 0 1 1 1 1 1 1 1 1 1 1 2 2 2 2 2      0 0 0 0 0 0 0 0 0 0 1 1 1 1 1 1 1 1 1 1 2 2 2 2 2      0 0 0 0 0 0 0 0 0 0 1 1 1 1 1 1 1 1 1 1 2 2 2 2 2
   0 1 2 3 4 5 6 7 8 9 0 1 2 3 4 5 6 7 8 9 0 1 2 3 4      0 1 2 3 4 5 6 7 8 9 0 1 2 3 4 5 6 7 8 9 0 1 2 3 4      0 1 2 3 4 5 6 7 8 9 0 1 2 3 4 5 6 7 8 9 0 1 2 3 4
00 - - - - - - - - - - - - - - - - - - - - - - - - -   00 - - - - - - - - - - - - p - - - - - - - - - - - -   00 c - - - - - - - - - - - - - - - - - - - - - - - c
01 - - - - - - - - - - - - - - - - - - - - - - - - -   01 - - p p - - - - - - - - p - - - - - - - - p p - -   01 - - - - - - - - - c - - - - - c - - - - - - - - -
02 - - - - - - - - - - - - - - - - - - - - - - - - -   02 - p - - - - p p p - - - p - - - p p p - - - - p -   02 - - - - - - - - - - - - - - - - - - - - - - - - -
03 - - - - - - - - - - - - - - - - - - - - - - - - -   03 - p - - - - - - - p p p p p p p - - - - - - - p -   03 - - - c - - - - - - - - - - - - - - - - - c - - -
04 - - - - - - - - - - - - - - - - - - - - - - - - -   04 - - - - - p - - - - - - p - - - - - - p - - - - -   04 - - - - - - - - - - - - - - - - - - - - - - - - -
05 - - - - - - - - x - - - - - - - x - - - - - - - -   05 - - - - p - p - - - - - p - - - - - p - p - - - -   05 - - - - - c - - - - - - - - - - - - - c - - - - -
06 - - - - - - - - - - - - - - - - - - - - - - - - -   06 - - p - - p - - - - - - - - - - - - - p - - p - -   06 - - - - - - - - - - - c - c - - - - - - - - - - -
07 - - - - - - - - - - - - - - - - - - - - - - - - -   07 - - p - - - - - - p p - - - p p - - - - - - p - -   07 - - - - - - - c - - - - - - - - - c - - - - - - -
08 - - - - - o - - - - - - - - - - - - - o - - - - -   08 - - p - - - - - - p - - p - - p - - - - - - p - -   08 - - - - - - - - - - - - - - - - - - - - - - - - -
09 - - - - - - - - - - - - o - - - - - - - - - - - -   09 - - - p - - - p p - - - - - - - p p - - - p - - -   09 - c - - - - - - - c - - - - - c - - - - - - - c -
10 - - - - - - - - - - - - - - - - - - - - - - - - -   10 - - - p - - - p - - p - - - p - - p - - - p - - -   10 - - - - - - - - - - - - - - - - - - - - - - - - -
11 - - - - - - - - - - - - - - - - - - - - - - - - -   11 - - - p - - - - - - - - - - - - - - - - - p - - -   11 - - - - - - c - - - - c - c - - - - c - - - - - -
12 - - - - - - - - - x - - - - - x - - - - - - - - -   12 p p p p p p - - p - - - p - - - p - - p p p p p p   12 - - - - - - - - - - - - - - - - - - - - - - - - -
13 - - - - - - - - - - - - - - - - - - - - - - - - -   13 - - - p - - - - - - - - - - - - - - - - - p - - -   13 - - - - - - c - - - - c - c - - - - c - - - - - -
14 - - - - - - - - - - - - - - - - - - - - - - - - -   14 - - - p - - - p - - p - - - p - - p - - - p - - -   14 - - - - - - - - - - - - - - - - - - - - - - - - -
15 - - - - - - - - - - - - o - - - - - - - - - - - -   15 - - - p - - - p p - - - - - - - p p - - - p - - -   15 - c - - - - - - - c - - - - - c - - - - - - - c -
16 - - - - - o - - - - - - - - - - - - - o - - - - -   16 - - p - - - - - - p - - p - - p - - - - - - p - -   16 - - - - - - - - - - - - - - - - - - - - - - - - -
17 - - - - - - - - - - - - - - - - - - - - - - - - -   17 - - p - - - - - - p p - - - p p - - - - - - p - -   17 - - - - - - - c - - - - - - - - - c - - - - - - -
18 - - - - - - - - - - - - - - - - - - - - - - - - -   18 - - p - - p - - - - - - - - - - - - - p - - p - -   18 - - - - - - - - - - - c - c - - - - - - - - - - -
19 - - - - - - - - x - - - - - - - x - - - - - - - -   19 - - - - p - p - - - - - p - - - - - p - p - - - -   19 - - - - - c - - - - - - - - - - - - - c - - - - -
20 - - - - - - - - - - - - - - - - - - - - - - - - -   20 - - - - - p - - - - - - p - - - - - - p - - - - -   20 - - - - - - - - - - - - - - - - - - - - - - - - -
21 - - - - - - - - - - - - - - - - - - - - - - - - -   21 - p - - - - - - - p p p p p p p - - - - - - - p -   21 - - - c - - - - - - - - - - - - - - - - - c - - -
22 - - - - - - - - - - - - - - - - - - - - - - - - -   22 - p - - - - p p p - - - p - - - p p p - - - - p -   22 - - - - - - - - - - - - - - - - - - - - - - - - -
23 - - - - - - - - - - - - - - - - - - - - - - - - -   23 - - p p - - - - - - - - p - - - - - - - - p p - -   23 - - - - - - - - - c - - - - - c - - - - - - - - -
24 - - - - - - - - - - - - - - - - - - - - - - - - -   24 - - - - - - - - - - - - p - - - - - - - - - - - -   24 c - - - - - - - - - - - - - - - - - - - - - - - c
C11---------------------------------------------------------------------------------------------------------------------------------------------------------------
1st:(2,1)(5,1)(1,4)
2nd:(9,6)(5,9)(8,9)
shokunin(3)-------------   ike(28)-----------------   shiro(13)---------------
   0 0 0 0 0 0 0 0 0 0 1      0 0 0 0 0 0 0 0 0 0 1      0 0 0 0 0 0 0 0 0 0 1
   0 1 2 3 4 5 6 7 8 9 0      0 1 2 3 4 5 6 7 8 9 0      0 1 2 3 4 5 6 7 8 9 0
00 - - - - - - - - - - -   00 - - - - - - - - - p p   00 - - - - - - - - - - -
01 - - - - o - - - - - -   01 - - - - - - - - - p -   01 - - - - - - - c c - -
02 - o - - - - - - - - -   02 - - - - - p p p p - -   02 - - - - - - - - - c -
03 - - - - - - - - - - -   03 - - - - p p - - - - -   03 - - - - - - - c - - -
04 - - - - - - - - - - -   04 - - - p p - p p - - -   04 - - - - - c - - - - -
05 - o - - - - - - - x -   05 - - - p - - - p - - -   05 - - - - c c c - - - -
06 - - - - - - - - - - -   06 - - - p p - p p - - -   06 - - - - - c - - - - -
07 - - - - - - - - - - -   07 - - - - - p p - - - -   07 - - - c - - - - - - -
08 - - - - - - - - - x -   08 - - p p p p - - - - -   08 - c - - - - - - - - -
09 - - - - - - x - - - -   09 - p - - - - - - - - -   09 - - c c - - - - - - -
10 - - - - - - - - - - -   10 p p - - - - - - - - -   10 - - - - - - - - - - -
C13---------------------------------------------------------------------------------------------------------------------------------------------------------------
1st:(7,1)(3,3)(1,6)
2nd:(11,6)(9,9)(5,11)
shokunin(3)-----------------   ike(36)---------------------   shiro(21)-------------------
   0 0 0 0 0 0 0 0 0 0 1 1 1      0 0 0 0 0 0 0 0 0 0 1 1 1      0 0 0 0 0 0 0 0 0 0 1 1 1
   0 1 2 3 4 5 6 7 8 9 0 1 2      0 1 2 3 4 5 6 7 8 9 0 1 2      0 1 2 3 4 5 6 7 8 9 0 1 2
00 - - - - - - - - - - - - -   00 - - - - - - - - - - - - p   00 - - - - - - - - - - - - -
01 - - - - - - o - - - - - -   01 - - - - - - - - - - - p p   01 - - - c c - - - - - - - -
02 - - - - - - - - - - - - -   02 - - p - - - - - - - p - -   02 - - - - - - - - c c - - -
03 - - - o - - - - - - - - -   03 - p - - - - p p p p p - -   03 - - - - - - - - - - - - -
04 - - - - - - - - - - - - -   04 - - - - - p p - - - - - -   04 - c - - - - - - c c - - -
05 - - - - - - - - - - - x -   05 - - - - p p - p p - - - -   05 - c - - - - c - - - - - -
06 - - - - - - - - - - - - -   06 - - - - p - - - p - - - -   06 - - - - - c c c - - - - -
07 - o - - - - - - - - - - -   07 - - - - p p - p p - - - -   07 - - - - - - c - - - - c -
08 - - - - - - - - - - - - -   08 - - - - - - p p - - - - -   08 - - - c c - - - - - - c -
09 - - - - - - - - - x - - -   09 - - p p p p p - - - - p -   09 - - - - - - - - - - - - -
10 - - - - - - - - - - - - -   10 - - p - - - - - - - p - -   10 - - - c c - - - - - - - -
11 - - - - - - x - - - - - -   11 p p - - - - - - - - - - -   11 - - - - - - - - c c - - -
12 - - - - - - - - - - - - -   12 p - - - - - - - - - - - -   12 - - - - - - - - - - - - -
C15---------------------------------------------------------------------------------------------------------------------------------------------------------------
1st:(7,2)(4,4)(2,7)
2nd:(12,7)(10,10)(7,12)
shokunin(3)---------------------   ike(66)-------------------------   shiro(29)-----------------------
   0 0 0 0 0 0 0 0 0 0 1 1 1 1 1      0 0 0 0 0 0 0 0 0 0 1 1 1 1 1      0 0 0 0 0 0 0 0 0 0 1 1 1 1 1
   0 1 2 3 4 5 6 7 8 9 0 1 2 3 4      0 1 2 3 4 5 6 7 8 9 0 1 2 3 4      0 1 2 3 4 5 6 7 8 9 0 1 2 3 4
00 - - - - - - - - - - - - - - -   00 - - - - - - - - - - - - - p p   00 - - - - - - - - - - - - - - -
01 - - - - - - - - - - - - - - -   01 - - - - - p - p - - - - p p -   01 - - - - - - c - c - - c - - -
02 - - - - - - - o - - - - - - -   02 - - - - p - p - p - - p - - -   02 - - - - - - - - - - - - c - -
03 - - - - - - - - - - - - - - -   03 - - - p - - - p - - p p - - -   03 - - - - - - c - c c - - - - -
04 - - - - o - - - - - - - - - -   04 - - p - - - - p p p p - p - -   04 - - - - - - - - - - - - - - -
05 - - - - - - - - - - - - - - -   05 - p - - - - p p - - - - - p -   05 - - - - - - - - - c - - - - -
06 - - - - - - - - - - - - - - -   06 - - p - - p p - p p - - p - -   06 - c - c - - - c - - - c - c -
07 - - o - - - - - - - - - x - -   07 - p - p - p - - - p - p - p -   07 - - - - - - c c c - - - - - -
08 - - - - - - - - - - - - - - -   08 - - p - - p p - p p - - p - -   08 - c - c - - - c - - - c - c -
09 - - - - - - - - - - - - - - -   09 - p - - - - - p p - - - - p -   09 - - - - - c - - - - - - - - -
10 - - - - - - - - - - x - - - -   10 - - p - p p p p - - - - p - -   10 - - - - - - - - - - - - - - -
11 - - - - - - - - - - - - - - -   11 - - - p p - - p - - - p - - -   11 - - - - - c c - c - - - - - -
12 - - - - - - - x - - - - - - -   12 - - - p - - p - p - p - - - -   12 - - c - - - - - - - - - - - -
13 - - - - - - - - - - - - - - -   13 - p p - - - - p - p - - - - -   13 - - - c - - c - c - - - - - -
14 - - - - - - - - - - - - - - -   14 p p - - - - - - - - - - - - -   14 - - - - - - - - - - - - - - -
C17---------------------------------------------------------------------------------------------------------------------------------------------------------------
1st:(9,2)(5,4)(2,8)(1,11)
2nd:(15,5)(14,8)(11,12)(7,14)
shokunin(4)-------------------------   ike(80)-----------------------------   shiro(29)---------------------------
   0 0 0 0 0 0 0 0 0 0 1 1 1 1 1 1 1      0 0 0 0 0 0 0 0 0 0 1 1 1 1 1 1 1      0 0 0 0 0 0 0 0 0 0 1 1 1 1 1 1 1
   0 1 2 3 4 5 6 7 8 9 0 1 2 3 4 5 6      0 1 2 3 4 5 6 7 8 9 0 1 2 3 4 5 6      0 1 2 3 4 5 6 7 8 9 0 1 2 3 4 5 6
00 - - - - - - - - - - - - - - - - -   00 - - - - - - - - - - - - - - - - p   00 - - - - - - - - - - - - - - - - -
01 - - - - - - - - - - - o - - - - -   01 - - - - - p p - p - - - - - p p p   01 - - - - - - - c - c - - - c - - -
02 - - - - - - - - o - - - - - - - -   02 - - - - - p - p - p - - - p - - -   02 - - - - - - - - - - - - - - c - -
03 - - - - - - - - - - - - - - - - -   03 - - - p p - - - p - - - p p - - -   03 - - - - - - - c - c - - - - - - -
04 - - - - - - - - - - - - - - - - -   04 - - - p - - - - - p - p p - - - -   04 - - - - - - - - - - c - - - - - -
05 - - - - o - - - - - - - - - - - -   05 - p p - - - - - p p p p - p - - -   05 - - - - - - - - - - - - - - - - -
06 - - - - - - - - - - - - - - - - -   06 - p - - - - - p p - - - - - p - -   06 - - - - - - - - - - c - - c - c -
07 - - - - - - - - - - - - - - x - -   07 - p - - - - p p - p p - - p - p -   07 - - - - - - - - c - - - - - - - -
08 - - - - - - - - - - - - - - - - -   08 - - p - - - p - - - p - - - p - -   08 - c - c - - - c c c - - - c - c -
09 - - o - - - - - - - - - - - - - -   09 - p - p - - p p - p p - - - - p -   09 - - - - - - - - c - - - - - - - -
10 - - - - - - - - - - - - - - - - -   10 - - p - - - - - p p - - - - - p -   10 - c - c - - c - - - - - - - - - -
11 - - - - - - - - - - - - x - - - -   11 - - - p - p p p p - - - - - p p -   11 - - - - - - - - - - - - - - - - -
12 - - - - - - - - - - - - - - - - -   12 - - - - p p - p - - - - - p - - -   12 - - - - - - c - - - - - - - - - -
13 - - - - - - - - - - - - - - - - -   13 - - - p p - - - p - - - p p - - -   13 - - - - - - - c - c - - - - - - -
14 - - - - - - - - x - - - - - - - -   14 - - - p - - - p - p - p - - - - -   14 - - c - - - - - - - - - - - - - -
15 - - - - - x - - - - - - - - - - -   15 p p p - - - - - p - p p - - - - -   15 - - - c - - - c - c - - - - - - -
16 - - - - - - - - - - - - - - - - -   16 p - - - - - - - - - - - - - - - -   16 - - - - - - - - - - - - - - - - -
C21---------------------------------------------------------------------------------------------------------------------------------------------------------------
1st:(13,1)(3,2)(2,3)(9,6)(6,9)(1,13)
2nd:(19,7)(14,11)(11,14)(18,17)(17,18)(7,19)
shokunin(6)---------------------------------   ike(106)------------------------------------   shiro(59)-----------------------------------
   0 0 0 0 0 0 0 0 0 0 1 1 1 1 1 1 1 1 1 1 2      0 0 0 0 0 0 0 0 0 0 1 1 1 1 1 1 1 1 1 1 2      0 0 0 0 0 0 0 0 0 0 1 1 1 1 1 1 1 1 1 1 2
   0 1 2 3 4 5 6 7 8 9 0 1 2 3 4 5 6 7 8 9 0      0 1 2 3 4 5 6 7 8 9 0 1 2 3 4 5 6 7 8 9 0      0 1 2 3 4 5 6 7 8 9 0 1 2 3 4 5 6 7 8 9 0
00 - - - - - - - - - - - - - - - - - - - - -   00 - - - - - - - - - - - - - - - - - - - - p   00 - - - - - - - - - - - - - - - - - - - - -
01 - - - - - - - - - - - - - o - - - - - - -   01 - - - - - - - - p - - - - - - - - - - p p   01 - - - - - - - - - - - - - - - - - - - - -
02 - - - o - - - - - - - - - - - - - - - - -   02 - - - - - - - p - p - - - - - p p p - p -   02 - - - - - - - - c - - - - - - - - - c - -
03 - - o - - - - - - - - - - - - - - - - - -   03 - - - - - - p - - - p - - - - p - p p - -   03 - - - - - - - c c c - - - - - - c - - c -
04 - - - - - - - - - - - - - - - - - - - - -   04 - - - - - p - p - p - p - - p - - - p - -   04 - - - - - - - - c - - - c - - c c c - - -
05 - - - - - - - - - - - - - - - - - - - - -   05 - - - - p - - - p - - - p - p p - p - - -   05 - - - - - - - - - - - c - c - - c - - - -
06 - - - - - - - - - o - - - - - - - - - - -   06 - - - p - - - - - - - - - p - p p p - - -   06 - - - - - - - - - - - - c - c - - - - - -
07 - - - - - - - - - - - - - - - - - - - x -   07 - - p - p - - - - - p p p p p - - - - - -   07 - - - c - - - - - - - - - - - c - - - - -
08 - - - - - - - - - - - - - - - - - - - - -   08 - p - - - p - - - p p - - - - p - - - - -   08 - - c c c - - - - - - - c - c - c - - - -
09 - - - - - - o - - - - - - - - - - - - - -   09 - - p - p - - - p p - p p - - - p - - - -   09 - - - c - - - - - - c - - - - c - - - - -
10 - - - - - - - - - - - - - - - - - - - - -   10 - - - p - - - - p - - - p - - - - p - - -   10 - - - - - - - - - c c c - - - - - - - - -
11 - - - - - - - - - - - - - - x - - - - - -   11 - - - - p - - - p p - p p - - - p - p - -   11 - - - - - c - - - - c - - - - - - c - - -
12 - - - - - - - - - - - - - - - - - - - - -   12 - - - - - p - - - - p p - - - p - - - p -   12 - - - - c - c - c - - - - - - - c c c - -
13 - o - - - - - - - - - - - - - - - - - - -   13 - - - - - - p p p p p - - - - - p - p - -   13 - - - - - c - - - - - - - - - - - c - - -
14 - - - - - - - - - - - x - - - - - - - - -   14 - - - p p p - p - - - - - - - - - p - - -   14 - - - - - - c - c - - - - - - - - - - - -
15 - - - - - - - - - - - - - - - - - - - - -   15 - - - p - p p - p - - - p - - - p - - - -   15 - - - - c - - c - c - - - - - - - - - - -
16 - - - - - - - - - - - - - - - - - - - - -   16 - - p - - - p - - p - p - p - p - - - - -   16 - - - c c c - - c - - - c - - - - - - - -
17 - - - - - - - - - - - - - - - - - - x - -   17 - - p p - p - - - - p - - - p - - - - - -   17 - c - - c - - - - - - c c c - - - - - - -
18 - - - - - - - - - - - - - - - - - x - - -   18 - p - p p p - - - - - p - p - - - - - - -   18 - - c - - - - - - - - - c - - - - - - - -
19 - - - - - - - x - - - - - - - - - - - - -   19 p p - - - - - - - - - - p - - - - - - - -   19 - - - - - - - - - - - - - - - - - - - - -
20 - - - - - - - - - - - - - - - - - - - - -   20 p - - - - - - - - - - - - - - - - - - - -   20 - - - - - - - - - - - - - - - - - - - - -
C25---------------------------------------------------------------------------------------------------------------------------------------------------------------
1st:(19,1)(16,2)(13,3)(3,13)(2,16)(1,19)
2nd:(23,5)(22,8)(21,11)(11,21)(8,22)(5,23)
shokunin(6)-----------------------------------------   ike(162)--------------------------------------------   shiro(73)-------------------------------------------
   0 0 0 0 0 0 0 0 0 0 1 1 1 1 1 1 1 1 1 1 2 2 2 2 2      0 0 0 0 0 0 0 0 0 0 1 1 1 1 1 1 1 1 1 1 2 2 2 2 2      0 0 0 0 0 0 0 0 0 0 1 1 1 1 1 1 1 1 1 1 2 2 2 2 2
   0 1 2 3 4 5 6 7 8 9 0 1 2 3 4 5 6 7 8 9 0 1 2 3 4      0 1 2 3 4 5 6 7 8 9 0 1 2 3 4 5 6 7 8 9 0 1 2 3 4      0 1 2 3 4 5 6 7 8 9 0 1 2 3 4 5 6 7 8 9 0 1 2 3 4
00 - - - - - - - - - - - - - - - - - - - - - - - - -   00 - - - - - - - - - - p - - - - - - - - - - - - p p   00 c - - - - - - - - - - - - - - - - - - - - - - - -
01 - - - - - - - - - - - - - - - - - - - o - - - - -   01 - - - p - - - - - - p - - - - - - - - - - - - p -   01 - - - - - - - - - - - - - - - - - - - - - - - - c
02 - - - - - - - - - - - - - - - - o - - - - - - - -   02 - - p - p - - - - - p - - - - - - - - - - - p - -   02 - - - c - - - - - - - - - - - - - - - - - - - - -
03 - - - - - - - - - - - - - o - - - - - - - - - - -   03 - p - - - p p p p - p - - - - - - - - - - p p - -   03 - - c c c - - - - - - - - - - - - - - - - - - - -
04 - - - - - - - - - - - - - - - - - - - - - - - - -   04 - - p - p - - - - p - p - - - - - p p p - p - - -   04 - - - c - - - - - - c - - - - - - - - - c - - - -
05 - - - - - - - - - - - - - - - - - - - - - - - x -   05 - - - p - - - - p - - - p - - - - p - p p - - - -   05 - - - - - - - - - c c c - - - - - - c - - c - - -
06 - - - - - - - - - - - - - - - - - - - - - - - - -   06 - - - p - - - p - p - p - p - - p - - - p - - - -   06 - - - - - - - - - - c - - - c - - c c c - - - - -
07 - - - - - - - - - - - - - - - - - - - - - - - - -   07 - - - p - - p - - - p - - - p - p p - p - - - - -   07 - - - - - - - - - - - - - c - c - - c - - - - - -
08 - - - - - - - - - - - - - - - - - - - - - - x - -   08 - - - p - p - - - - p - - - - p - p p p - - - - -   08 - - - - - - - - - - - - - - c - c - - - - - - - -
09 - - - - - - - - - - - - - - - - - - - - - - - - -   09 - - - - p - p - - - p - p p p p p - - - - - - - -   09 - - - - - c - - - - - - - - - - - c - - - - - - -
10 - - - - - - - - - - - - - - - - - - - - - - - - -   10 p p p p - - - p p p p p p - - - - p - - - - - - -   10 - - - - c c c - - - - - - - c - c - c - - - - - -
11 - - - - - - - - - - - - - - - - - - - - - x - - -   11 - - - - p - p - - - p p - p p - - - p - - - - - -   11 - - - - - c - - - - - - c - - - - c - - - - - - -
12 - - - - - - - - - - - - - - - - - - - - - - - - -   12 - - - - - p - - - - p - - - p - - - - p - - - - -   12 - - - - - - - - - - - c c c - - - - - - - - - - -
13 - - - o - - - - - - - - - - - - - - - - - - - - -   13 - - - - - - p - - - p p - p p - - - p - p - - - -   13 - - - - - - - c - - - - c - - - - - - c - - - - -
14 - - - - - - - - - - - - - - - - - - - - - - - - -   14 - - - - - - - p - - - - p p p p p p - - - p p p p   14 - - - - - - c - c - c - - - - - - - c c c - - - -
15 - - - - - - - - - - - - - - - - - - - - - - - - -   15 - - - - - - - - p p p p p - p - - - p - p - - - -   15 - - - - - - - c - - - - - - - - - - - c - - - - -
16 - - o - - - - - - - - - - - - - - - - - - - - - -   16 - - - - - p p p - p - - - - p - - - - p - p - - -   16 - - - - - - - - c - c - - - - - - - - - - - - - -
17 - - - - - - - - - - - - - - - - - - - - - - - - -   17 - - - - - p - p p - p - - - p - - - p - - p - - -   17 - - - - - - c - - c - c - - - - - - - - - - - - -
18 - - - - - - - - - - - - - - - - - - - - - - - - -   18 - - - - p - - - p - - p - p - p - p - - - p - - -   18 - - - - - c c c - - c - - - c - - - - - - - - - -
19 - o - - - - - - - - - - - - - - - - - - - - - - -   19 - - - - p p - p - - - - p - - - p - - - - p - - -   19 - - - c - - c - - - - - - c c c - - - - - - - - -
20 - - - - - - - - - - - - - - - - - - - - - - - - -   20 - - - p - p p p - - - - - p - p - - - - p - p - -   20 - - - - c - - - - - - - - - c - - - - - - c - - -
21 - - - - - - - - - - - x - - - - - - - - - - - - -   21 - - p p - - - - - - - - - - p - p p p p - - - p -   21 - - - - - - - - - - - - - - - - - - - - c c c - -
22 - - - - - - - - x - - - - - - - - - - - - - - - -   22 - - p - - - - - - - - - - - p - - - - - p - p - -   22 - - - - - - - - - - - - - - - - - - - - - c - - -
23 - - - - - x - - - - - - - - - - - - - - - - - - -   23 - p - - - - - - - - - - - - p - - - - - - p - - -   23 c - - - - - - - - - - - - - - - - - - - - - - - -
24 - - - - - - - - - - - - - - - - - - - - - - - - -   24 p p - - - - - - - - - - - - p - - - - - - - - - -   24 - - - - - - - - - - - - - - - - - - - - - - - - c
